2025-11-25 22:19:58,881 ERROR send_reminders failed: You cannot call this from an async context - use a thread or sync_to_async.
Traceback (most recent call last):
  File "/Users/eduard/PycharmProjects/englishbot/run.py", line 131, in reminder_loop
    call_command("send_reminders")
  File "/Users/eduard/.pyenv/versions/3.11.8/lib/python3.11/site-packages/django/core/management/__init__.py", line 194, in call_command
    return command.execute(*args, **defaults)
           ^^^^^^^^^^^^^^^^^^^^^^^^^^^^^^^^^^
  File "/Users/eduard/.pyenv/versions/3.11.8/lib/python3.11/site-packages/django/core/management/base.py", line 460, in execute
    output = self.handle(*args, **options)
             ^^^^^^^^^^^^^^^^^^^^^^^^^^^^^
  File "/Users/eduard/PycharmProjects/englishbot/vocab/management/commands/send_reminders.py", line 12, in handle
    asyncio.run(self._async_handle())
  File "/Users/eduard/.pyenv/versions/3.11.8/lib/python3.11/asyncio/runners.py", line 190, in run
    return runner.run(main)
           ^^^^^^^^^^^^^^^^
  File "/Users/eduard/.pyenv/versions/3.11.8/lib/python3.11/asyncio/runners.py", line 118, in run
    return self._loop.run_until_complete(task)
           ^^^^^^^^^^^^^^^^^^^^^^^^^^^^^^^^^^^
  File "/Users/eduard/.pyenv/versions/3.11.8/lib/python3.11/asyncio/base_events.py", line 654, in run_until_complete
    return future.result()
           ^^^^^^^^^^^^^^^
  File "/Users/eduard/PycharmProjects/englishbot/vocab/management/commands/send_reminders.py", line 23, in _async_handle
    for user in users:
  File "/Users/eduard/.pyenv/versions/3.11.8/lib/python3.11/site-packages/django/db/models/query.py", line 386, in __iter__
    self._fetch_all()
  File "/Users/eduard/.pyenv/versions/3.11.8/lib/python3.11/site-packages/django/db/models/query.py", line 1954, in _fetch_all
    self._result_cache = list(self._iterable_class(self))
                         ^^^^^^^^^^^^^^^^^^^^^^^^^^^^^^^^
  File "/Users/eduard/.pyenv/versions/3.11.8/lib/python3.11/site-packages/django/db/models/query.py", line 93, in __iter__
    results = compiler.execute_sql(
              ^^^^^^^^^^^^^^^^^^^^^
  File "/Users/eduard/.pyenv/versions/3.11.8/lib/python3.11/site-packages/django/db/models/sql/compiler.py", line 1621, in execute_sql
    cursor = self.connection.cursor()
             ^^^^^^^^^^^^^^^^^^^^^^^^
  File "/Users/eduard/.pyenv/versions/3.11.8/lib/python3.11/site-packages/django/utils/asyncio.py", line 24, in inner
    raise SynchronousOnlyOperation(message)
django.core.exceptions.SynchronousOnlyOperation: You cannot call this from an async context - use a thread or sync_to_async.
2025-11-25 22:20:58,923 ERROR send_reminders failed: You cannot call this from an async context - use a thread or sync_to_async.
Traceback (most recent call last):
  File "/Users/eduard/PycharmProjects/englishbot/run.py", line 131, in reminder_loop
    call_command("send_reminders")
  File "/Users/eduard/.pyenv/versions/3.11.8/lib/python3.11/site-packages/django/core/management/__init__.py", line 194, in call_command
    return command.execute(*args, **defaults)
           ^^^^^^^^^^^^^^^^^^^^^^^^^^^^^^^^^^
  File "/Users/eduard/.pyenv/versions/3.11.8/lib/python3.11/site-packages/django/core/management/base.py", line 460, in execute
    output = self.handle(*args, **options)
             ^^^^^^^^^^^^^^^^^^^^^^^^^^^^^
  File "/Users/eduard/PycharmProjects/englishbot/vocab/management/commands/send_reminders.py", line 12, in handle
    asyncio.run(self._async_handle())
  File "/Users/eduard/.pyenv/versions/3.11.8/lib/python3.11/asyncio/runners.py", line 190, in run
    return runner.run(main)
           ^^^^^^^^^^^^^^^^
  File "/Users/eduard/.pyenv/versions/3.11.8/lib/python3.11/asyncio/runners.py", line 118, in run
    return self._loop.run_until_complete(task)
           ^^^^^^^^^^^^^^^^^^^^^^^^^^^^^^^^^^^
  File "/Users/eduard/.pyenv/versions/3.11.8/lib/python3.11/asyncio/base_events.py", line 654, in run_until_complete
    return future.result()
           ^^^^^^^^^^^^^^^
  File "/Users/eduard/PycharmProjects/englishbot/vocab/management/commands/send_reminders.py", line 23, in _async_handle
    for user in users:
  File "/Users/eduard/.pyenv/versions/3.11.8/lib/python3.11/site-packages/django/db/models/query.py", line 386, in __iter__
    self._fetch_all()
  File "/Users/eduard/.pyenv/versions/3.11.8/lib/python3.11/site-packages/django/db/models/query.py", line 1954, in _fetch_all
    self._result_cache = list(self._iterable_class(self))
                         ^^^^^^^^^^^^^^^^^^^^^^^^^^^^^^^^
  File "/Users/eduard/.pyenv/versions/3.11.8/lib/python3.11/site-packages/django/db/models/query.py", line 93, in __iter__
    results = compiler.execute_sql(
              ^^^^^^^^^^^^^^^^^^^^^
  File "/Users/eduard/.pyenv/versions/3.11.8/lib/python3.11/site-packages/django/db/models/sql/compiler.py", line 1621, in execute_sql
    cursor = self.connection.cursor()
             ^^^^^^^^^^^^^^^^^^^^^^^^
  File "/Users/eduard/.pyenv/versions/3.11.8/lib/python3.11/site-packages/django/utils/asyncio.py", line 24, in inner
    raise SynchronousOnlyOperation(message)
django.core.exceptions.SynchronousOnlyOperation: You cannot call this from an async context - use a thread or sync_to_async.
2025-11-25 22:21:58,974 ERROR send_reminders failed: You cannot call this from an async context - use a thread or sync_to_async.
Traceback (most recent call last):
  File "/Users/eduard/PycharmProjects/englishbot/run.py", line 131, in reminder_loop
    call_command("send_reminders")
  File "/Users/eduard/.pyenv/versions/3.11.8/lib/python3.11/site-packages/django/core/management/__init__.py", line 194, in call_command
    return command.execute(*args, **defaults)
           ^^^^^^^^^^^^^^^^^^^^^^^^^^^^^^^^^^
  File "/Users/eduard/.pyenv/versions/3.11.8/lib/python3.11/site-packages/django/core/management/base.py", line 460, in execute
    output = self.handle(*args, **options)
             ^^^^^^^^^^^^^^^^^^^^^^^^^^^^^
  File "/Users/eduard/PycharmProjects/englishbot/vocab/management/commands/send_reminders.py", line 12, in handle
    asyncio.run(self._async_handle())
  File "/Users/eduard/.pyenv/versions/3.11.8/lib/python3.11/asyncio/runners.py", line 190, in run
    return runner.run(main)
           ^^^^^^^^^^^^^^^^
  File "/Users/eduard/.pyenv/versions/3.11.8/lib/python3.11/asyncio/runners.py", line 118, in run
    return self._loop.run_until_complete(task)
           ^^^^^^^^^^^^^^^^^^^^^^^^^^^^^^^^^^^
  File "/Users/eduard/.pyenv/versions/3.11.8/lib/python3.11/asyncio/base_events.py", line 654, in run_until_complete
    return future.result()
           ^^^^^^^^^^^^^^^
  File "/Users/eduard/PycharmProjects/englishbot/vocab/management/commands/send_reminders.py", line 23, in _async_handle
    for user in users:
  File "/Users/eduard/.pyenv/versions/3.11.8/lib/python3.11/site-packages/django/db/models/query.py", line 386, in __iter__
    self._fetch_all()
  File "/Users/eduard/.pyenv/versions/3.11.8/lib/python3.11/site-packages/django/db/models/query.py", line 1954, in _fetch_all
    self._result_cache = list(self._iterable_class(self))
                         ^^^^^^^^^^^^^^^^^^^^^^^^^^^^^^^^
  File "/Users/eduard/.pyenv/versions/3.11.8/lib/python3.11/site-packages/django/db/models/query.py", line 93, in __iter__
    results = compiler.execute_sql(
              ^^^^^^^^^^^^^^^^^^^^^
  File "/Users/eduard/.pyenv/versions/3.11.8/lib/python3.11/site-packages/django/db/models/sql/compiler.py", line 1621, in execute_sql
    cursor = self.connection.cursor()
             ^^^^^^^^^^^^^^^^^^^^^^^^
  File "/Users/eduard/.pyenv/versions/3.11.8/lib/python3.11/site-packages/django/utils/asyncio.py", line 24, in inner
    raise SynchronousOnlyOperation(message)
django.core.exceptions.SynchronousOnlyOperation: You cannot call this from an async context - use a thread or sync_to_async.
2025-11-25 22:22:59,057 ERROR send_reminders failed: You cannot call this from an async context - use a thread or sync_to_async.
Traceback (most recent call last):
  File "/Users/eduard/PycharmProjects/englishbot/run.py", line 131, in reminder_loop
    call_command("send_reminders")
  File "/Users/eduard/.pyenv/versions/3.11.8/lib/python3.11/site-packages/django/core/management/__init__.py", line 194, in call_command
    return command.execute(*args, **defaults)
           ^^^^^^^^^^^^^^^^^^^^^^^^^^^^^^^^^^
  File "/Users/eduard/.pyenv/versions/3.11.8/lib/python3.11/site-packages/django/core/management/base.py", line 460, in execute
    output = self.handle(*args, **options)
             ^^^^^^^^^^^^^^^^^^^^^^^^^^^^^
  File "/Users/eduard/PycharmProjects/englishbot/vocab/management/commands/send_reminders.py", line 12, in handle
    asyncio.run(self._async_handle())
  File "/Users/eduard/.pyenv/versions/3.11.8/lib/python3.11/asyncio/runners.py", line 190, in run
    return runner.run(main)
           ^^^^^^^^^^^^^^^^
  File "/Users/eduard/.pyenv/versions/3.11.8/lib/python3.11/asyncio/runners.py", line 118, in run
    return self._loop.run_until_complete(task)
           ^^^^^^^^^^^^^^^^^^^^^^^^^^^^^^^^^^^
  File "/Users/eduard/.pyenv/versions/3.11.8/lib/python3.11/asyncio/base_events.py", line 654, in run_until_complete
    return future.result()
           ^^^^^^^^^^^^^^^
  File "/Users/eduard/PycharmProjects/englishbot/vocab/management/commands/send_reminders.py", line 23, in _async_handle
    for user in users:
  File "/Users/eduard/.pyenv/versions/3.11.8/lib/python3.11/site-packages/django/db/models/query.py", line 386, in __iter__
    self._fetch_all()
  File "/Users/eduard/.pyenv/versions/3.11.8/lib/python3.11/site-packages/django/db/models/query.py", line 1954, in _fetch_all
    self._result_cache = list(self._iterable_class(self))
                         ^^^^^^^^^^^^^^^^^^^^^^^^^^^^^^^^
  File "/Users/eduard/.pyenv/versions/3.11.8/lib/python3.11/site-packages/django/db/models/query.py", line 93, in __iter__
    results = compiler.execute_sql(
              ^^^^^^^^^^^^^^^^^^^^^
  File "/Users/eduard/.pyenv/versions/3.11.8/lib/python3.11/site-packages/django/db/models/sql/compiler.py", line 1621, in execute_sql
    cursor = self.connection.cursor()
             ^^^^^^^^^^^^^^^^^^^^^^^^
  File "/Users/eduard/.pyenv/versions/3.11.8/lib/python3.11/site-packages/django/utils/asyncio.py", line 24, in inner
    raise SynchronousOnlyOperation(message)
django.core.exceptions.SynchronousOnlyOperation: You cannot call this from an async context - use a thread or sync_to_async.
2025-11-25 22:23:59,112 ERROR send_reminders failed: You cannot call this from an async context - use a thread or sync_to_async.
Traceback (most recent call last):
  File "/Users/eduard/PycharmProjects/englishbot/run.py", line 131, in reminder_loop
    call_command("send_reminders")
  File "/Users/eduard/.pyenv/versions/3.11.8/lib/python3.11/site-packages/django/core/management/__init__.py", line 194, in call_command
    return command.execute(*args, **defaults)
           ^^^^^^^^^^^^^^^^^^^^^^^^^^^^^^^^^^
  File "/Users/eduard/.pyenv/versions/3.11.8/lib/python3.11/site-packages/django/core/management/base.py", line 460, in execute
    output = self.handle(*args, **options)
             ^^^^^^^^^^^^^^^^^^^^^^^^^^^^^
  File "/Users/eduard/PycharmProjects/englishbot/vocab/management/commands/send_reminders.py", line 12, in handle
    asyncio.run(self._async_handle())
  File "/Users/eduard/.pyenv/versions/3.11.8/lib/python3.11/asyncio/runners.py", line 190, in run
    return runner.run(main)
           ^^^^^^^^^^^^^^^^
  File "/Users/eduard/.pyenv/versions/3.11.8/lib/python3.11/asyncio/runners.py", line 118, in run
    return self._loop.run_until_complete(task)
           ^^^^^^^^^^^^^^^^^^^^^^^^^^^^^^^^^^^
  File "/Users/eduard/.pyenv/versions/3.11.8/lib/python3.11/asyncio/base_events.py", line 654, in run_until_complete
    return future.result()
           ^^^^^^^^^^^^^^^
  File "/Users/eduard/PycharmProjects/englishbot/vocab/management/commands/send_reminders.py", line 23, in _async_handle
    for user in users:
  File "/Users/eduard/.pyenv/versions/3.11.8/lib/python3.11/site-packages/django/db/models/query.py", line 386, in __iter__
    self._fetch_all()
  File "/Users/eduard/.pyenv/versions/3.11.8/lib/python3.11/site-packages/django/db/models/query.py", line 1954, in _fetch_all
    self._result_cache = list(self._iterable_class(self))
                         ^^^^^^^^^^^^^^^^^^^^^^^^^^^^^^^^
  File "/Users/eduard/.pyenv/versions/3.11.8/lib/python3.11/site-packages/django/db/models/query.py", line 93, in __iter__
    results = compiler.execute_sql(
              ^^^^^^^^^^^^^^^^^^^^^
  File "/Users/eduard/.pyenv/versions/3.11.8/lib/python3.11/site-packages/django/db/models/sql/compiler.py", line 1621, in execute_sql
    cursor = self.connection.cursor()
             ^^^^^^^^^^^^^^^^^^^^^^^^
  File "/Users/eduard/.pyenv/versions/3.11.8/lib/python3.11/site-packages/django/utils/asyncio.py", line 24, in inner
    raise SynchronousOnlyOperation(message)
django.core.exceptions.SynchronousOnlyOperation: You cannot call this from an async context - use a thread or sync_to_async.
2025-11-25 22:24:59,149 ERROR send_reminders failed: You cannot call this from an async context - use a thread or sync_to_async.
Traceback (most recent call last):
  File "/Users/eduard/PycharmProjects/englishbot/run.py", line 131, in reminder_loop
    call_command("send_reminders")
  File "/Users/eduard/.pyenv/versions/3.11.8/lib/python3.11/site-packages/django/core/management/__init__.py", line 194, in call_command
    return command.execute(*args, **defaults)
           ^^^^^^^^^^^^^^^^^^^^^^^^^^^^^^^^^^
  File "/Users/eduard/.pyenv/versions/3.11.8/lib/python3.11/site-packages/django/core/management/base.py", line 460, in execute
    output = self.handle(*args, **options)
             ^^^^^^^^^^^^^^^^^^^^^^^^^^^^^
  File "/Users/eduard/PycharmProjects/englishbot/vocab/management/commands/send_reminders.py", line 12, in handle
    asyncio.run(self._async_handle())
  File "/Users/eduard/.pyenv/versions/3.11.8/lib/python3.11/asyncio/runners.py", line 190, in run
    return runner.run(main)
           ^^^^^^^^^^^^^^^^
  File "/Users/eduard/.pyenv/versions/3.11.8/lib/python3.11/asyncio/runners.py", line 118, in run
    return self._loop.run_until_complete(task)
           ^^^^^^^^^^^^^^^^^^^^^^^^^^^^^^^^^^^
  File "/Users/eduard/.pyenv/versions/3.11.8/lib/python3.11/asyncio/base_events.py", line 654, in run_until_complete
    return future.result()
           ^^^^^^^^^^^^^^^
  File "/Users/eduard/PycharmProjects/englishbot/vocab/management/commands/send_reminders.py", line 23, in _async_handle
    for user in users:
  File "/Users/eduard/.pyenv/versions/3.11.8/lib/python3.11/site-packages/django/db/models/query.py", line 386, in __iter__
    self._fetch_all()
  File "/Users/eduard/.pyenv/versions/3.11.8/lib/python3.11/site-packages/django/db/models/query.py", line 1954, in _fetch_all
    self._result_cache = list(self._iterable_class(self))
                         ^^^^^^^^^^^^^^^^^^^^^^^^^^^^^^^^
  File "/Users/eduard/.pyenv/versions/3.11.8/lib/python3.11/site-packages/django/db/models/query.py", line 93, in __iter__
    results = compiler.execute_sql(
              ^^^^^^^^^^^^^^^^^^^^^
  File "/Users/eduard/.pyenv/versions/3.11.8/lib/python3.11/site-packages/django/db/models/sql/compiler.py", line 1621, in execute_sql
    cursor = self.connection.cursor()
             ^^^^^^^^^^^^^^^^^^^^^^^^
  File "/Users/eduard/.pyenv/versions/3.11.8/lib/python3.11/site-packages/django/utils/asyncio.py", line 24, in inner
    raise SynchronousOnlyOperation(message)
django.core.exceptions.SynchronousOnlyOperation: You cannot call this from an async context - use a thread or sync_to_async.
2025-11-25 22:25:59,197 ERROR send_reminders failed: You cannot call this from an async context - use a thread or sync_to_async.
Traceback (most recent call last):
  File "/Users/eduard/PycharmProjects/englishbot/run.py", line 131, in reminder_loop
    call_command("send_reminders")
  File "/Users/eduard/.pyenv/versions/3.11.8/lib/python3.11/site-packages/django/core/management/__init__.py", line 194, in call_command
    return command.execute(*args, **defaults)
           ^^^^^^^^^^^^^^^^^^^^^^^^^^^^^^^^^^
  File "/Users/eduard/.pyenv/versions/3.11.8/lib/python3.11/site-packages/django/core/management/base.py", line 460, in execute
    output = self.handle(*args, **options)
             ^^^^^^^^^^^^^^^^^^^^^^^^^^^^^
  File "/Users/eduard/PycharmProjects/englishbot/vocab/management/commands/send_reminders.py", line 12, in handle
    asyncio.run(self._async_handle())
  File "/Users/eduard/.pyenv/versions/3.11.8/lib/python3.11/asyncio/runners.py", line 190, in run
    return runner.run(main)
           ^^^^^^^^^^^^^^^^
  File "/Users/eduard/.pyenv/versions/3.11.8/lib/python3.11/asyncio/runners.py", line 118, in run
    return self._loop.run_until_complete(task)
           ^^^^^^^^^^^^^^^^^^^^^^^^^^^^^^^^^^^
  File "/Users/eduard/.pyenv/versions/3.11.8/lib/python3.11/asyncio/base_events.py", line 654, in run_until_complete
    return future.result()
           ^^^^^^^^^^^^^^^
  File "/Users/eduard/PycharmProjects/englishbot/vocab/management/commands/send_reminders.py", line 23, in _async_handle
    for user in users:
  File "/Users/eduard/.pyenv/versions/3.11.8/lib/python3.11/site-packages/django/db/models/query.py", line 386, in __iter__
    self._fetch_all()
  File "/Users/eduard/.pyenv/versions/3.11.8/lib/python3.11/site-packages/django/db/models/query.py", line 1954, in _fetch_all
    self._result_cache = list(self._iterable_class(self))
                         ^^^^^^^^^^^^^^^^^^^^^^^^^^^^^^^^
  File "/Users/eduard/.pyenv/versions/3.11.8/lib/python3.11/site-packages/django/db/models/query.py", line 93, in __iter__
    results = compiler.execute_sql(
              ^^^^^^^^^^^^^^^^^^^^^
  File "/Users/eduard/.pyenv/versions/3.11.8/lib/python3.11/site-packages/django/db/models/sql/compiler.py", line 1621, in execute_sql
    cursor = self.connection.cursor()
             ^^^^^^^^^^^^^^^^^^^^^^^^
  File "/Users/eduard/.pyenv/versions/3.11.8/lib/python3.11/site-packages/django/utils/asyncio.py", line 24, in inner
    raise SynchronousOnlyOperation(message)
django.core.exceptions.SynchronousOnlyOperation: You cannot call this from an async context - use a thread or sync_to_async.
2025-11-25 22:26:59,240 ERROR send_reminders failed: You cannot call this from an async context - use a thread or sync_to_async.
Traceback (most recent call last):
  File "/Users/eduard/PycharmProjects/englishbot/run.py", line 131, in reminder_loop
    call_command("send_reminders")
  File "/Users/eduard/.pyenv/versions/3.11.8/lib/python3.11/site-packages/django/core/management/__init__.py", line 194, in call_command
    return command.execute(*args, **defaults)
           ^^^^^^^^^^^^^^^^^^^^^^^^^^^^^^^^^^
  File "/Users/eduard/.pyenv/versions/3.11.8/lib/python3.11/site-packages/django/core/management/base.py", line 460, in execute
    output = self.handle(*args, **options)
             ^^^^^^^^^^^^^^^^^^^^^^^^^^^^^
  File "/Users/eduard/PycharmProjects/englishbot/vocab/management/commands/send_reminders.py", line 12, in handle
    asyncio.run(self._async_handle())
  File "/Users/eduard/.pyenv/versions/3.11.8/lib/python3.11/asyncio/runners.py", line 190, in run
    return runner.run(main)
           ^^^^^^^^^^^^^^^^
  File "/Users/eduard/.pyenv/versions/3.11.8/lib/python3.11/asyncio/runners.py", line 118, in run
    return self._loop.run_until_complete(task)
           ^^^^^^^^^^^^^^^^^^^^^^^^^^^^^^^^^^^
  File "/Users/eduard/.pyenv/versions/3.11.8/lib/python3.11/asyncio/base_events.py", line 654, in run_until_complete
    return future.result()
           ^^^^^^^^^^^^^^^
  File "/Users/eduard/PycharmProjects/englishbot/vocab/management/commands/send_reminders.py", line 23, in _async_handle
    for user in users:
  File "/Users/eduard/.pyenv/versions/3.11.8/lib/python3.11/site-packages/django/db/models/query.py", line 386, in __iter__
    self._fetch_all()
  File "/Users/eduard/.pyenv/versions/3.11.8/lib/python3.11/site-packages/django/db/models/query.py", line 1954, in _fetch_all
    self._result_cache = list(self._iterable_class(self))
                         ^^^^^^^^^^^^^^^^^^^^^^^^^^^^^^^^
  File "/Users/eduard/.pyenv/versions/3.11.8/lib/python3.11/site-packages/django/db/models/query.py", line 93, in __iter__
    results = compiler.execute_sql(
              ^^^^^^^^^^^^^^^^^^^^^
  File "/Users/eduard/.pyenv/versions/3.11.8/lib/python3.11/site-packages/django/db/models/sql/compiler.py", line 1621, in execute_sql
    cursor = self.connection.cursor()
             ^^^^^^^^^^^^^^^^^^^^^^^^
  File "/Users/eduard/.pyenv/versions/3.11.8/lib/python3.11/site-packages/django/utils/asyncio.py", line 24, in inner
    raise SynchronousOnlyOperation(message)
django.core.exceptions.SynchronousOnlyOperation: You cannot call this from an async context - use a thread or sync_to_async.
2025-11-25 22:27:59,284 ERROR send_reminders failed: You cannot call this from an async context - use a thread or sync_to_async.
Traceback (most recent call last):
  File "/Users/eduard/PycharmProjects/englishbot/run.py", line 131, in reminder_loop
    call_command("send_reminders")
  File "/Users/eduard/.pyenv/versions/3.11.8/lib/python3.11/site-packages/django/core/management/__init__.py", line 194, in call_command
    return command.execute(*args, **defaults)
           ^^^^^^^^^^^^^^^^^^^^^^^^^^^^^^^^^^
  File "/Users/eduard/.pyenv/versions/3.11.8/lib/python3.11/site-packages/django/core/management/base.py", line 460, in execute
    output = self.handle(*args, **options)
             ^^^^^^^^^^^^^^^^^^^^^^^^^^^^^
  File "/Users/eduard/PycharmProjects/englishbot/vocab/management/commands/send_reminders.py", line 12, in handle
    asyncio.run(self._async_handle())
  File "/Users/eduard/.pyenv/versions/3.11.8/lib/python3.11/asyncio/runners.py", line 190, in run
    return runner.run(main)
           ^^^^^^^^^^^^^^^^
  File "/Users/eduard/.pyenv/versions/3.11.8/lib/python3.11/asyncio/runners.py", line 118, in run
    return self._loop.run_until_complete(task)
           ^^^^^^^^^^^^^^^^^^^^^^^^^^^^^^^^^^^
  File "/Users/eduard/.pyenv/versions/3.11.8/lib/python3.11/asyncio/base_events.py", line 654, in run_until_complete
    return future.result()
           ^^^^^^^^^^^^^^^
  File "/Users/eduard/PycharmProjects/englishbot/vocab/management/commands/send_reminders.py", line 23, in _async_handle
    for user in users:
  File "/Users/eduard/.pyenv/versions/3.11.8/lib/python3.11/site-packages/django/db/models/query.py", line 386, in __iter__
    self._fetch_all()
  File "/Users/eduard/.pyenv/versions/3.11.8/lib/python3.11/site-packages/django/db/models/query.py", line 1954, in _fetch_all
    self._result_cache = list(self._iterable_class(self))
                         ^^^^^^^^^^^^^^^^^^^^^^^^^^^^^^^^
  File "/Users/eduard/.pyenv/versions/3.11.8/lib/python3.11/site-packages/django/db/models/query.py", line 93, in __iter__
    results = compiler.execute_sql(
              ^^^^^^^^^^^^^^^^^^^^^
  File "/Users/eduard/.pyenv/versions/3.11.8/lib/python3.11/site-packages/django/db/models/sql/compiler.py", line 1621, in execute_sql
    cursor = self.connection.cursor()
             ^^^^^^^^^^^^^^^^^^^^^^^^
  File "/Users/eduard/.pyenv/versions/3.11.8/lib/python3.11/site-packages/django/utils/asyncio.py", line 24, in inner
    raise SynchronousOnlyOperation(message)
django.core.exceptions.SynchronousOnlyOperation: You cannot call this from an async context - use a thread or sync_to_async.
2025-11-25 22:28:59,340 ERROR send_reminders failed: You cannot call this from an async context - use a thread or sync_to_async.
Traceback (most recent call last):
  File "/Users/eduard/PycharmProjects/englishbot/run.py", line 131, in reminder_loop
    call_command("send_reminders")
  File "/Users/eduard/.pyenv/versions/3.11.8/lib/python3.11/site-packages/django/core/management/__init__.py", line 194, in call_command
    return command.execute(*args, **defaults)
           ^^^^^^^^^^^^^^^^^^^^^^^^^^^^^^^^^^
  File "/Users/eduard/.pyenv/versions/3.11.8/lib/python3.11/site-packages/django/core/management/base.py", line 460, in execute
    output = self.handle(*args, **options)
             ^^^^^^^^^^^^^^^^^^^^^^^^^^^^^
  File "/Users/eduard/PycharmProjects/englishbot/vocab/management/commands/send_reminders.py", line 12, in handle
    asyncio.run(self._async_handle())
  File "/Users/eduard/.pyenv/versions/3.11.8/lib/python3.11/asyncio/runners.py", line 190, in run
    return runner.run(main)
           ^^^^^^^^^^^^^^^^
  File "/Users/eduard/.pyenv/versions/3.11.8/lib/python3.11/asyncio/runners.py", line 118, in run
    return self._loop.run_until_complete(task)
           ^^^^^^^^^^^^^^^^^^^^^^^^^^^^^^^^^^^
  File "/Users/eduard/.pyenv/versions/3.11.8/lib/python3.11/asyncio/base_events.py", line 654, in run_until_complete
    return future.result()
           ^^^^^^^^^^^^^^^
  File "/Users/eduard/PycharmProjects/englishbot/vocab/management/commands/send_reminders.py", line 23, in _async_handle
    for user in users:
  File "/Users/eduard/.pyenv/versions/3.11.8/lib/python3.11/site-packages/django/db/models/query.py", line 386, in __iter__
    self._fetch_all()
  File "/Users/eduard/.pyenv/versions/3.11.8/lib/python3.11/site-packages/django/db/models/query.py", line 1954, in _fetch_all
    self._result_cache = list(self._iterable_class(self))
                         ^^^^^^^^^^^^^^^^^^^^^^^^^^^^^^^^
  File "/Users/eduard/.pyenv/versions/3.11.8/lib/python3.11/site-packages/django/db/models/query.py", line 93, in __iter__
    results = compiler.execute_sql(
              ^^^^^^^^^^^^^^^^^^^^^
  File "/Users/eduard/.pyenv/versions/3.11.8/lib/python3.11/site-packages/django/db/models/sql/compiler.py", line 1621, in execute_sql
    cursor = self.connection.cursor()
             ^^^^^^^^^^^^^^^^^^^^^^^^
  File "/Users/eduard/.pyenv/versions/3.11.8/lib/python3.11/site-packages/django/utils/asyncio.py", line 24, in inner
    raise SynchronousOnlyOperation(message)
django.core.exceptions.SynchronousOnlyOperation: You cannot call this from an async context - use a thread or sync_to_async.
2025-11-25 22:29:59,371 ERROR send_reminders failed: You cannot call this from an async context - use a thread or sync_to_async.
Traceback (most recent call last):
  File "/Users/eduard/PycharmProjects/englishbot/run.py", line 131, in reminder_loop
    call_command("send_reminders")
  File "/Users/eduard/.pyenv/versions/3.11.8/lib/python3.11/site-packages/django/core/management/__init__.py", line 194, in call_command
    return command.execute(*args, **defaults)
           ^^^^^^^^^^^^^^^^^^^^^^^^^^^^^^^^^^
  File "/Users/eduard/.pyenv/versions/3.11.8/lib/python3.11/site-packages/django/core/management/base.py", line 460, in execute
    output = self.handle(*args, **options)
             ^^^^^^^^^^^^^^^^^^^^^^^^^^^^^
  File "/Users/eduard/PycharmProjects/englishbot/vocab/management/commands/send_reminders.py", line 12, in handle
    asyncio.run(self._async_handle())
  File "/Users/eduard/.pyenv/versions/3.11.8/lib/python3.11/asyncio/runners.py", line 190, in run
    return runner.run(main)
           ^^^^^^^^^^^^^^^^
  File "/Users/eduard/.pyenv/versions/3.11.8/lib/python3.11/asyncio/runners.py", line 118, in run
    return self._loop.run_until_complete(task)
           ^^^^^^^^^^^^^^^^^^^^^^^^^^^^^^^^^^^
  File "/Users/eduard/.pyenv/versions/3.11.8/lib/python3.11/asyncio/base_events.py", line 654, in run_until_complete
    return future.result()
           ^^^^^^^^^^^^^^^
  File "/Users/eduard/PycharmProjects/englishbot/vocab/management/commands/send_reminders.py", line 23, in _async_handle
    for user in users:
  File "/Users/eduard/.pyenv/versions/3.11.8/lib/python3.11/site-packages/django/db/models/query.py", line 386, in __iter__
    self._fetch_all()
  File "/Users/eduard/.pyenv/versions/3.11.8/lib/python3.11/site-packages/django/db/models/query.py", line 1954, in _fetch_all
    self._result_cache = list(self._iterable_class(self))
                         ^^^^^^^^^^^^^^^^^^^^^^^^^^^^^^^^
  File "/Users/eduard/.pyenv/versions/3.11.8/lib/python3.11/site-packages/django/db/models/query.py", line 93, in __iter__
    results = compiler.execute_sql(
              ^^^^^^^^^^^^^^^^^^^^^
  File "/Users/eduard/.pyenv/versions/3.11.8/lib/python3.11/site-packages/django/db/models/sql/compiler.py", line 1621, in execute_sql
    cursor = self.connection.cursor()
             ^^^^^^^^^^^^^^^^^^^^^^^^
  File "/Users/eduard/.pyenv/versions/3.11.8/lib/python3.11/site-packages/django/utils/asyncio.py", line 24, in inner
    raise SynchronousOnlyOperation(message)
django.core.exceptions.SynchronousOnlyOperation: You cannot call this from an async context - use a thread or sync_to_async.
2025-11-25 22:30:59,409 ERROR send_reminders failed: You cannot call this from an async context - use a thread or sync_to_async.
Traceback (most recent call last):
  File "/Users/eduard/PycharmProjects/englishbot/run.py", line 131, in reminder_loop
    call_command("send_reminders")
  File "/Users/eduard/.pyenv/versions/3.11.8/lib/python3.11/site-packages/django/core/management/__init__.py", line 194, in call_command
    return command.execute(*args, **defaults)
           ^^^^^^^^^^^^^^^^^^^^^^^^^^^^^^^^^^
  File "/Users/eduard/.pyenv/versions/3.11.8/lib/python3.11/site-packages/django/core/management/base.py", line 460, in execute
    output = self.handle(*args, **options)
             ^^^^^^^^^^^^^^^^^^^^^^^^^^^^^
  File "/Users/eduard/PycharmProjects/englishbot/vocab/management/commands/send_reminders.py", line 12, in handle
    asyncio.run(self._async_handle())
  File "/Users/eduard/.pyenv/versions/3.11.8/lib/python3.11/asyncio/runners.py", line 190, in run
    return runner.run(main)
           ^^^^^^^^^^^^^^^^
  File "/Users/eduard/.pyenv/versions/3.11.8/lib/python3.11/asyncio/runners.py", line 118, in run
    return self._loop.run_until_complete(task)
           ^^^^^^^^^^^^^^^^^^^^^^^^^^^^^^^^^^^
  File "/Users/eduard/.pyenv/versions/3.11.8/lib/python3.11/asyncio/base_events.py", line 654, in run_until_complete
    return future.result()
           ^^^^^^^^^^^^^^^
  File "/Users/eduard/PycharmProjects/englishbot/vocab/management/commands/send_reminders.py", line 23, in _async_handle
    for user in users:
  File "/Users/eduard/.pyenv/versions/3.11.8/lib/python3.11/site-packages/django/db/models/query.py", line 386, in __iter__
    self._fetch_all()
  File "/Users/eduard/.pyenv/versions/3.11.8/lib/python3.11/site-packages/django/db/models/query.py", line 1954, in _fetch_all
    self._result_cache = list(self._iterable_class(self))
                         ^^^^^^^^^^^^^^^^^^^^^^^^^^^^^^^^
  File "/Users/eduard/.pyenv/versions/3.11.8/lib/python3.11/site-packages/django/db/models/query.py", line 93, in __iter__
    results = compiler.execute_sql(
              ^^^^^^^^^^^^^^^^^^^^^
  File "/Users/eduard/.pyenv/versions/3.11.8/lib/python3.11/site-packages/django/db/models/sql/compiler.py", line 1621, in execute_sql
    cursor = self.connection.cursor()
             ^^^^^^^^^^^^^^^^^^^^^^^^
  File "/Users/eduard/.pyenv/versions/3.11.8/lib/python3.11/site-packages/django/utils/asyncio.py", line 24, in inner
    raise SynchronousOnlyOperation(message)
django.core.exceptions.SynchronousOnlyOperation: You cannot call this from an async context - use a thread or sync_to_async.
2025-11-25 22:31:59,472 ERROR send_reminders failed: You cannot call this from an async context - use a thread or sync_to_async.
Traceback (most recent call last):
  File "/Users/eduard/PycharmProjects/englishbot/run.py", line 131, in reminder_loop
    call_command("send_reminders")
  File "/Users/eduard/.pyenv/versions/3.11.8/lib/python3.11/site-packages/django/core/management/__init__.py", line 194, in call_command
    return command.execute(*args, **defaults)
           ^^^^^^^^^^^^^^^^^^^^^^^^^^^^^^^^^^
  File "/Users/eduard/.pyenv/versions/3.11.8/lib/python3.11/site-packages/django/core/management/base.py", line 460, in execute
    output = self.handle(*args, **options)
             ^^^^^^^^^^^^^^^^^^^^^^^^^^^^^
  File "/Users/eduard/PycharmProjects/englishbot/vocab/management/commands/send_reminders.py", line 12, in handle
    asyncio.run(self._async_handle())
  File "/Users/eduard/.pyenv/versions/3.11.8/lib/python3.11/asyncio/runners.py", line 190, in run
    return runner.run(main)
           ^^^^^^^^^^^^^^^^
  File "/Users/eduard/.pyenv/versions/3.11.8/lib/python3.11/asyncio/runners.py", line 118, in run
    return self._loop.run_until_complete(task)
           ^^^^^^^^^^^^^^^^^^^^^^^^^^^^^^^^^^^
  File "/Users/eduard/.pyenv/versions/3.11.8/lib/python3.11/asyncio/base_events.py", line 654, in run_until_complete
    return future.result()
           ^^^^^^^^^^^^^^^
  File "/Users/eduard/PycharmProjects/englishbot/vocab/management/commands/send_reminders.py", line 23, in _async_handle
    for user in users:
  File "/Users/eduard/.pyenv/versions/3.11.8/lib/python3.11/site-packages/django/db/models/query.py", line 386, in __iter__
    self._fetch_all()
  File "/Users/eduard/.pyenv/versions/3.11.8/lib/python3.11/site-packages/django/db/models/query.py", line 1954, in _fetch_all
    self._result_cache = list(self._iterable_class(self))
                         ^^^^^^^^^^^^^^^^^^^^^^^^^^^^^^^^
  File "/Users/eduard/.pyenv/versions/3.11.8/lib/python3.11/site-packages/django/db/models/query.py", line 93, in __iter__
    results = compiler.execute_sql(
              ^^^^^^^^^^^^^^^^^^^^^
  File "/Users/eduard/.pyenv/versions/3.11.8/lib/python3.11/site-packages/django/db/models/sql/compiler.py", line 1621, in execute_sql
    cursor = self.connection.cursor()
             ^^^^^^^^^^^^^^^^^^^^^^^^
  File "/Users/eduard/.pyenv/versions/3.11.8/lib/python3.11/site-packages/django/utils/asyncio.py", line 24, in inner
    raise SynchronousOnlyOperation(message)
django.core.exceptions.SynchronousOnlyOperation: You cannot call this from an async context - use a thread or sync_to_async.
